Using pre-set license
Built from '2021.3/staging' branch; Version is '2021.3.7f1 (24e8595d6d43) revision 2418777'; Using compiler version '192829333'; Build Type 'Release'
OS: 'Windows 10  (10.0.19042) 64bit Professional' Language: 'pl' Physical Memory: 32697 MB
BatchMode: 1, IsHumanControllingUs: 0, StartBugReporterOnCrash: 0, Is64bit: 1, IsPro: 1

COMMAND LINE ARGUMENTS:
C:\Program Files\Unity\Hub\Editor\2021.3.7f1\Editor\Unity.exe
-adb2
-batchMode
-noUpm
-name
AssetImportWorker0
-projectPath
C:/Users/scrab/Downloads/unity/MastersProject/My project
-logFile
Logs/AssetImportWorker0.log
-srvPort
54191
Successfully changed project path to: C:/Users/scrab/Downloads/unity/MastersProject/My project
C:/Users/scrab/Downloads/unity/MastersProject/My project
[UnityMemory] Configuration Parameters - Can be set up in boot.config
    "memorysetup-bucket-allocator-granularity=16"
    "memorysetup-bucket-allocator-bucket-count=8"
    "memorysetup-bucket-allocator-block-size=33554432"
    "memorysetup-bucket-allocator-block-count=8"
    "memorysetup-main-allocator-block-size=16777216"
    "memorysetup-thread-allocator-block-size=16777216"
    "memorysetup-gfx-main-allocator-block-size=16777216"
    "memorysetup-gfx-thread-allocator-block-size=16777216"
    "memorysetup-cache-allocator-block-size=4194304"
    "memorysetup-typetree-allocator-block-size=2097152"
    "memorysetup-profiler-bucket-allocator-granularity=16"
    "memorysetup-profiler-bucket-allocator-bucket-count=8"
    "memorysetup-profiler-bucket-allocator-block-size=33554432"
    "memorysetup-profiler-bucket-allocator-block-count=8"
    "memorysetup-profiler-allocator-block-size=16777216"
    "memorysetup-profiler-editor-allocator-block-size=1048576"
    "memorysetup-temp-allocator-size-main=16777216"
    "memorysetup-job-temp-allocator-block-size=2097152"
    "memorysetup-job-temp-allocator-block-size-background=1048576"
    "memorysetup-job-temp-allocator-reduction-small-platforms=262144"
    "memorysetup-temp-allocator-size-background-worker=32768"
    "memorysetup-temp-allocator-size-job-worker=262144"
    "memorysetup-temp-allocator-size-preload-manager=33554432"
    "memorysetup-temp-allocator-size-nav-mesh-worker=65536"
    "memorysetup-temp-allocator-size-audio-worker=65536"
    "memorysetup-temp-allocator-size-cloud-worker=32768"
    "memorysetup-temp-allocator-size-gi-baking-worker=262144"
    "memorysetup-temp-allocator-size-gfx=262144"
Refreshing native plugins compatible for Editor in 143.70 ms, found 3 plugins.
Preloading 0 native plugins for Editor in 0.00 ms.
Initialize engine version: 2021.3.7f1 (24e8595d6d43)
[Subsystems] Discovering subsystems at path C:/Program Files/Unity/Hub/Editor/2021.3.7f1/Editor/Data/Resources/UnitySubsystems
[Subsystems] Discovering subsystems at path C:/Users/scrab/Downloads/unity/MastersProject/My project/Assets
GfxDevice: creating device client; threaded=0; jobified=0
Direct3D:
    Version:  Direct3D 11.0 [level 11.1]
    Renderer: NVIDIA GeForce RTX 3050 (ID=0x2507)
    Vendor:   NVIDIA
    VRAM:     8056 MB
    Driver:   31.0.15.3734
Initialize mono
Mono path[0] = 'C:/Program Files/Unity/Hub/Editor/2021.3.7f1/Editor/Data/Managed'
Mono path[1] = 'C:/Program Files/Unity/Hub/Editor/2021.3.7f1/Editor/Data/MonoBleedingEdge/lib/mono/unityjit-win32'
Mono config path = 'C:/Program Files/Unity/Hub/Editor/2021.3.7f1/Editor/Data/MonoBleedingEdge/etc'
Using monoOptions --debugger-agent=transport=dt_socket,embedding=1,server=y,suspend=n,address=127.0.0.1:56808
Begin MonoManager ReloadAssembly
Registering precompiled unity dll's ...
Register platform support module: C:/Program Files/Unity/Hub/Editor/2021.3.7f1/Editor/Data/PlaybackEngines/WebGLSupport/UnityEditor.WebGL.Extensions.dll
Register platform support module: C:/Program Files/Unity/Hub/Editor/2021.3.7f1/Editor/Data/PlaybackEngines/AndroidPlayer/UnityEditor.Android.Extensions.dll
Register platform support module: C:/Program Files/Unity/Hub/Editor/2021.3.7f1/Editor/Data/PlaybackEngines/WindowsStandaloneSupport/UnityEditor.WindowsStandalone.Extensions.dll
Registered in 0.019142 seconds.
Native extension for WindowsStandalone target not found
Native extension for Android target not found
Native extension for WebGL target not found
Refreshing native plugins compatible for Editor in 123.41 ms, found 3 plugins.
Preloading 0 native plugins for Editor in 0.00 ms.
Mono: successfully reloaded assembly
- Completed reload, in  1.100 seconds
Domain Reload Profiling:
	ReloadAssembly (1101ms)
		BeginReloadAssembly (133ms)
			ExecutionOrderSort (0ms)
			DisableScriptedObjects (0ms)
			BackupInstance (0ms)
			ReleaseScriptingObjects (0ms)
			CreateAndSetChildDomain (1ms)
		EndReloadAssembly (785ms)
			LoadAssemblies (130ms)
			RebuildTransferFunctionScriptingTraits (0ms)
			SetupTypeCache (216ms)
			ReleaseScriptCaches (0ms)
			RebuildScriptCaches (41ms)
			SetupLoadedEditorAssemblies (440ms)
				LogAssemblyErrors (0ms)
				InitializePlatformSupportModulesInManaged (89ms)
				SetLoadedEditorAssemblies (0ms)
				RefreshPlugins (124ms)
				BeforeProcessingInitializeOnLoad (2ms)
				ProcessInitializeOnLoadAttributes (149ms)
				ProcessInitializeOnLoadMethodAttributes (76ms)
				AfterProcessingInitializeOnLoad (0ms)
				EditorAssembliesLoaded (0ms)
			ExecutionOrderSort2 (0ms)
			AwakeInstancesAfterBackupRestoration (0ms)
Platform modules already initialized, skipping
Registering precompiled user dll's ...
Registered in 0.011874 seconds.
Begin MonoManager ReloadAssembly
Symbol file LoadedFromMemory doesn't match image C:\Users\scrab\Downloads\unity\MastersProject\My project\Library\PackageCache\com.unity.visualscripting@1.7.8\Editor\VisualScripting.Core\Dependencies\YamlDotNet\Unity.VisualScripting.YamlDotNet.dll
Symbol file LoadedFromMemory doesn't match image C:\Users\scrab\Downloads\unity\MastersProject\My project\Library\PackageCache\com.unity.visualscripting@1.7.8\Editor\VisualScripting.Core\Dependencies\DotNetZip\Unity.VisualScripting.IonicZip.dll
Native extension for WindowsStandalone target not found
Native extension for Android target not found
Native extension for WebGL target not found
Refreshing native plugins compatible for Editor in 1.46 ms, found 3 plugins.
Preloading 0 native plugins for Editor in 0.00 ms.
Mono: successfully reloaded assembly
- Completed reload, in  1.829 seconds
Domain Reload Profiling:
	ReloadAssembly (1831ms)
		BeginReloadAssembly (291ms)
			ExecutionOrderSort (0ms)
			DisableScriptedObjects (11ms)
			BackupInstance (0ms)
			ReleaseScriptingObjects (0ms)
			CreateAndSetChildDomain (136ms)
		EndReloadAssembly (1319ms)
			LoadAssemblies (139ms)
			RebuildTransferFunctionScriptingTraits (0ms)
			SetupTypeCache (415ms)
			ReleaseScriptCaches (1ms)
			RebuildScriptCaches (89ms)
			SetupLoadedEditorAssemblies (603ms)
				LogAssemblyErrors (0ms)
				InitializePlatformSupportModulesInManaged (36ms)
				SetLoadedEditorAssemblies (1ms)
				RefreshPlugins (2ms)
				BeforeProcessingInitializeOnLoad (148ms)
				ProcessInitializeOnLoadAttributes (359ms)
				ProcessInitializeOnLoadMethodAttributes (41ms)
				AfterProcessingInitializeOnLoad (16ms)
				EditorAssembliesLoaded (0ms)
			ExecutionOrderSort2 (0ms)
			AwakeInstancesAfterBackupRestoration (12ms)
Platform modules already initialized, skipping
========================================================================
Worker process is ready to serve import requests
Launched and connected shader compiler UnityShaderCompiler.exe after 0.07 seconds
Refreshing native plugins compatible for Editor in 1.14 ms, found 3 plugins.
Preloading 0 native plugins for Editor in 0.00 ms.
Unloading 3377 Unused Serialized files (Serialized files now loaded: 0)
Unloading 27 unused Assets / (111.0 KB). Loaded Objects now: 3836.
Memory consumption went from 116.2 MB to 116.1 MB.
Total: 5.633600 ms (FindLiveObjects: 0.605100 ms CreateObjectMapping: 0.221500 ms MarkObjects: 4.641300 ms  DeleteObjects: 0.163100 ms)

AssetImportParameters requested are different than current active one (requested -> active):
  custom:video-decoder-ogg-theora: a1e56fd34408186e4bbccfd4996cb3dc -> 
  custom:container-muxer-webm: aa71ff27fc2769a1b78a27578f13a17b -> 
  custom:container-demuxer-webm: 4f35f7cbe854078d1ac9338744f61a02 -> 
  custom:video-encoder-webm-vp8: eb34c28f22e8b96e1ab97ce403110664 -> 
  custom:audio-encoder-webm-vorbis: bf7c407c2cedff20999df2af8eb42d56 -> 
  custom:framework-win-MediaFoundation: 216162199b28c13a410421893ffa2e32 -> 
  custom:container-demuxer-ogg: 62fdf1f143b41e24485cea50d1cbac27 -> 
  custom:video-decoder-webm-vp8: 9c59270c3fd7afecdb556c50c9e8de78 -> 
  custom:audio-decoder-ogg-vorbis: bf7c407c2cedff20999df2af8eb42d56 -> 
========================================================================
Received Import Request.
  Time since last request: 9912.148979 seconds.
  path: Assets/ModularDungeon/ModularWalls.fbx
  artifactKey: Guid(680f7d34d3c7a02449840dba5d4369be) Importer(815301076,1909f56bfc062723c751e8b465ee728b)
Start importing Assets/ModularDungeon/ModularWalls.fbx using Guid(680f7d34d3c7a02449840dba5d4369be) Importer(815301076,1909f56bfc062723c751e8b465ee728b)  -> (artifact id: '7840ccd13490849d51bc04a5001260f3') in 1.896800 seconds 
========================================================================
Received Import Request.
  Time since last request: 0.000043 seconds.
  path: Assets/ModularDungeon/Prefabs/Vault2m.prefab
  artifactKey: Guid(2a74dc85c35d78a469af0ef3190ec71f) Importer(815301076,1909f56bfc062723c751e8b465ee728b)
Start importing Assets/ModularDungeon/Prefabs/Vault2m.prefab using Guid(2a74dc85c35d78a469af0ef3190ec71f) Importer(815301076,1909f56bfc062723c751e8b465ee728b)  -> (artifact id: '60307c2508393c4dd3ef097d54b5752d') in 0.034508 seconds 
========================================================================
Received Import Request.
  Time since last request: 0.000056 seconds.
  path: Assets/ModularDungeon/Prefabs/Light03.prefab
  artifactKey: Guid(8c9eb7adbd8be0344bc51590a75be779) Importer(815301076,1909f56bfc062723c751e8b465ee728b)
Start importing Assets/ModularDungeon/Prefabs/Light03.prefab using Guid(8c9eb7adbd8be0344bc51590a75be779) Importer(815301076,1909f56bfc062723c751e8b465ee728b)  -> (artifact id: 'a6639e00d6872d5e5e5ff27f2d198756') in 0.131716 seconds 
========================================================================
Received Import Request.
  Time since last request: 0.000051 seconds.
  path: Assets/ModularDungeon/Prefabs/StraightArchedWall.prefab
  artifactKey: Guid(d8bfd9c2a1fa78e419587570a34e88db) Importer(815301076,1909f56bfc062723c751e8b465ee728b)
Start importing Assets/ModularDungeon/Prefabs/StraightArchedWall.prefab using Guid(d8bfd9c2a1fa78e419587570a34e88db) Importer(815301076,1909f56bfc062723c751e8b465ee728b)  -> (artifact id: 'ac959b36118700ad71c36926babd82e0') in 0.041672 seconds 
========================================================================
Received Import Request.
  Time since last request: 0.000045 seconds.
  path: Assets/ModularDungeon/Prefabs/StraightWallArch.prefab
  artifactKey: Guid(6b7dbb009c34bf64dbb61400f0873a99) Importer(815301076,1909f56bfc062723c751e8b465ee728b)
Start importing Assets/ModularDungeon/Prefabs/StraightWallArch.prefab using Guid(6b7dbb009c34bf64dbb61400f0873a99) Importer(815301076,1909f56bfc062723c751e8b465ee728b)  -> (artifact id: '7c329c9b37a5465dce49738b32425625') in 0.030970 seconds 
========================================================================
Received Import Request.
  Time since last request: 0.000063 seconds.
  path: Assets/ModularDungeon/Prefabs/Floor4Corner.prefab
  artifactKey: Guid(2dbf45fa7a524df4d949650db3ee1ae8) Importer(815301076,1909f56bfc062723c751e8b465ee728b)
Start importing Assets/ModularDungeon/Prefabs/Floor4Corner.prefab using Guid(2dbf45fa7a524df4d949650db3ee1ae8) Importer(815301076,1909f56bfc062723c751e8b465ee728b)  -> (artifact id: '025c58867d55c7f90ef700bde4f78d0c') in 0.028004 seconds 
========================================================================
Received Import Request.
  Time since last request: 0.000076 seconds.
  path: Assets/ModularDungeon/Prefabs/VaultColumnA1m.prefab
  artifactKey: Guid(2c47d26bf1b1fb748b489e87005156c2) Importer(815301076,1909f56bfc062723c751e8b465ee728b)
Start importing Assets/ModularDungeon/Prefabs/VaultColumnA1m.prefab using Guid(2c47d26bf1b1fb748b489e87005156c2) Importer(815301076,1909f56bfc062723c751e8b465ee728b)  -> (artifact id: '7135c7ac7d4dfe52839b6167a2c40507') in 0.026718 seconds 
========================================================================
Received Import Request.
  Time since last request: 0.000050 seconds.
  path: Assets/ModularDungeon/Prefabs/VaultCollumnB1m.prefab
  artifactKey: Guid(7fc6a3df5762f0b4dbdd00af00f55b91) Importer(815301076,1909f56bfc062723c751e8b465ee728b)
Start importing Assets/ModularDungeon/Prefabs/VaultCollumnB1m.prefab using Guid(7fc6a3df5762f0b4dbdd00af00f55b91) Importer(815301076,1909f56bfc062723c751e8b465ee728b)  -> (artifact id: 'a86258c9d0ea38a19cb677137cc2b4dd') in 0.048694 seconds 
========================================================================
Received Import Request.
  Time since last request: 0.000072 seconds.
  path: Assets/ModularDungeon/Prefabs/Floor5Side.prefab
  artifactKey: Guid(e7c9e0e196fc4a644a9e63ecbbb51008) Importer(815301076,1909f56bfc062723c751e8b465ee728b)
Start importing Assets/ModularDungeon/Prefabs/Floor5Side.prefab using Guid(e7c9e0e196fc4a644a9e63ecbbb51008) Importer(815301076,1909f56bfc062723c751e8b465ee728b)  -> (artifact id: '8921dd31b259a2099d8244c0d27f4b96') in 0.019326 seconds 
========================================================================
Received Import Request.
  Time since last request: 0.000036 seconds.
  path: Assets/ModularDungeon/Prefabs
  artifactKey: Guid(6ef0925da2497a648b03ad025db812ff) Importer(815301076,1909f56bfc062723c751e8b465ee728b)
Start importing Assets/ModularDungeon/Prefabs using Guid(6ef0925da2497a648b03ad025db812ff) Importer(815301076,1909f56bfc062723c751e8b465ee728b)  -> (artifact id: '6a49be0612ddda4be2def3743931d977') in 0.002856 seconds 
========================================================================
Received Import Request.
  Time since last request: 0.000050 seconds.
  path: Assets/ModularDungeon/Prefabs/WallWindow.prefab
  artifactKey: Guid(6f67ff4af3c720a48b0ef460631ed7a6) Importer(815301076,1909f56bfc062723c751e8b465ee728b)
Start importing Assets/ModularDungeon/Prefabs/WallWindow.prefab using Guid(6f67ff4af3c720a48b0ef460631ed7a6) Importer(815301076,1909f56bfc062723c751e8b465ee728b)  -> (artifact id: 'b705e9bded61307051250dea4c11af57') in 0.039478 seconds 
========================================================================
Received Import Request.
  Time since last request: 0.000035 seconds.
  path: Assets/ModularDungeon/Prefabs/Barrel02.prefab
  artifactKey: Guid(2484998ac45c77747b9494ee97a57ebe) Importer(815301076,1909f56bfc062723c751e8b465ee728b)
Start importing Assets/ModularDungeon/Prefabs/Barrel02.prefab using Guid(2484998ac45c77747b9494ee97a57ebe) Importer(815301076,1909f56bfc062723c751e8b465ee728b)  -> (artifact id: '8d3db64a0e31ace60bb0199e52584b92') in 0.036484 seconds 
========================================================================
Received Import Request.
  Time since last request: 0.000040 seconds.
  path: Assets/ModularDungeon/Prefabs/StraightArchedStairWall.prefab
  artifactKey: Guid(c1772dd4058e3f24d8e70a58e19325b4) Importer(815301076,1909f56bfc062723c751e8b465ee728b)
Start importing Assets/ModularDungeon/Prefabs/StraightArchedStairWall.prefab using Guid(c1772dd4058e3f24d8e70a58e19325b4) Importer(815301076,1909f56bfc062723c751e8b465ee728b)  -> (artifact id: 'a3a32e75996e197cda23d97c0fe05e24') in 0.028224 seconds 
========================================================================
Received Import Request.
  Time since last request: 0.000064 seconds.
  path: Assets/ModularDungeon/Prefabs/Door2Frame.prefab
  artifactKey: Guid(6a0e5fb2d53a7ea44b486a17f827294a) Importer(815301076,1909f56bfc062723c751e8b465ee728b)
Start importing Assets/ModularDungeon/Prefabs/Door2Frame.prefab using Guid(6a0e5fb2d53a7ea44b486a17f827294a) Importer(815301076,1909f56bfc062723c751e8b465ee728b)  -> (artifact id: '30066771b033be06533b5effc8c68529') in 0.112040 seconds 
Editor requested this worker to shutdown with reason: Scaling down because of idle timeout
AssetImportWorker is now disconnected from the server
Process exiting
Exiting without the bug reporter. Application will terminate with return code 0