Using pre-set license
Built from '2021.3/staging' branch; Version is '2021.3.7f1 (24e8595d6d43) revision 2418777'; Using compiler version '192829333'; Build Type 'Release'
OS: 'Windows 10  (10.0.19042) 64bit Professional' Language: 'pl' Physical Memory: 32697 MB
BatchMode: 1, IsHumanControllingUs: 0, StartBugReporterOnCrash: 0, Is64bit: 1, IsPro: 1

COMMAND LINE ARGUMENTS:
C:\Program Files\Unity\Hub\Editor\2021.3.7f1\Editor\Unity.exe
-adb2
-batchMode
-noUpm
-name
AssetImportWorker3
-projectPath
C:/Users/scrab/Downloads/unity/MastersProject/My project
-logFile
Logs/AssetImportWorker3.log
-srvPort
54191
Successfully changed project path to: C:/Users/scrab/Downloads/unity/MastersProject/My project
C:/Users/scrab/Downloads/unity/MastersProject/My project
[UnityMemory] Configuration Parameters - Can be set up in boot.config
    "memorysetup-bucket-allocator-granularity=16"
    "memorysetup-bucket-allocator-bucket-count=8"
    "memorysetup-bucket-allocator-block-size=33554432"
    "memorysetup-bucket-allocator-block-count=8"
    "memorysetup-main-allocator-block-size=16777216"
    "memorysetup-thread-allocator-block-size=16777216"
    "memorysetup-gfx-main-allocator-block-size=16777216"
    "memorysetup-gfx-thread-allocator-block-size=16777216"
    "memorysetup-cache-allocator-block-size=4194304"
    "memorysetup-typetree-allocator-block-size=2097152"
    "memorysetup-profiler-bucket-allocator-granularity=16"
    "memorysetup-profiler-bucket-allocator-bucket-count=8"
    "memorysetup-profiler-bucket-allocator-block-size=33554432"
    "memorysetup-profiler-bucket-allocator-block-count=8"
    "memorysetup-profiler-allocator-block-size=16777216"
    "memorysetup-profiler-editor-allocator-block-size=1048576"
    "memorysetup-temp-allocator-size-main=16777216"
    "memorysetup-job-temp-allocator-block-size=2097152"
    "memorysetup-job-temp-allocator-block-size-background=1048576"
    "memorysetup-job-temp-allocator-reduction-small-platforms=262144"
    "memorysetup-temp-allocator-size-background-worker=32768"
    "memorysetup-temp-allocator-size-job-worker=262144"
    "memorysetup-temp-allocator-size-preload-manager=33554432"
    "memorysetup-temp-allocator-size-nav-mesh-worker=65536"
    "memorysetup-temp-allocator-size-audio-worker=65536"
    "memorysetup-temp-allocator-size-cloud-worker=32768"
    "memorysetup-temp-allocator-size-gi-baking-worker=262144"
    "memorysetup-temp-allocator-size-gfx=262144"
Refreshing native plugins compatible for Editor in 153.13 ms, found 3 plugins.
Preloading 0 native plugins for Editor in 0.00 ms.
Initialize engine version: 2021.3.7f1 (24e8595d6d43)
[Subsystems] Discovering subsystems at path C:/Program Files/Unity/Hub/Editor/2021.3.7f1/Editor/Data/Resources/UnitySubsystems
[Subsystems] Discovering subsystems at path C:/Users/scrab/Downloads/unity/MastersProject/My project/Assets
GfxDevice: creating device client; threaded=0; jobified=0
Direct3D:
    Version:  Direct3D 11.0 [level 11.1]
    Renderer: NVIDIA GeForce RTX 3050 (ID=0x2507)
    Vendor:   NVIDIA
    VRAM:     8056 MB
    Driver:   31.0.15.3734
Initialize mono
Mono path[0] = 'C:/Program Files/Unity/Hub/Editor/2021.3.7f1/Editor/Data/Managed'
Mono path[1] = 'C:/Program Files/Unity/Hub/Editor/2021.3.7f1/Editor/Data/MonoBleedingEdge/lib/mono/unityjit-win32'
Mono config path = 'C:/Program Files/Unity/Hub/Editor/2021.3.7f1/Editor/Data/MonoBleedingEdge/etc'
Using monoOptions --debugger-agent=transport=dt_socket,embedding=1,server=y,suspend=n,address=127.0.0.1:56504
Begin MonoManager ReloadAssembly
Registering precompiled unity dll's ...
Register platform support module: C:/Program Files/Unity/Hub/Editor/2021.3.7f1/Editor/Data/PlaybackEngines/WebGLSupport/UnityEditor.WebGL.Extensions.dll
Register platform support module: C:/Program Files/Unity/Hub/Editor/2021.3.7f1/Editor/Data/PlaybackEngines/AndroidPlayer/UnityEditor.Android.Extensions.dll
Register platform support module: C:/Program Files/Unity/Hub/Editor/2021.3.7f1/Editor/Data/PlaybackEngines/WindowsStandaloneSupport/UnityEditor.WindowsStandalone.Extensions.dll
Registered in 0.016711 seconds.
Native extension for WindowsStandalone target not found
Native extension for Android target not found
Native extension for WebGL target not found
Refreshing native plugins compatible for Editor in 122.59 ms, found 3 plugins.
Preloading 0 native plugins for Editor in 0.00 ms.
Mono: successfully reloaded assembly
- Completed reload, in  1.082 seconds
Domain Reload Profiling:
	ReloadAssembly (1083ms)
		BeginReloadAssembly (118ms)
			ExecutionOrderSort (0ms)
			DisableScriptedObjects (0ms)
			BackupInstance (0ms)
			ReleaseScriptingObjects (0ms)
			CreateAndSetChildDomain (1ms)
		EndReloadAssembly (783ms)
			LoadAssemblies (113ms)
			RebuildTransferFunctionScriptingTraits (0ms)
			SetupTypeCache (222ms)
			ReleaseScriptCaches (0ms)
			RebuildScriptCaches (38ms)
			SetupLoadedEditorAssemblies (438ms)
				LogAssemblyErrors (0ms)
				InitializePlatformSupportModulesInManaged (94ms)
				SetLoadedEditorAssemblies (4ms)
				RefreshPlugins (123ms)
				BeforeProcessingInitializeOnLoad (2ms)
				ProcessInitializeOnLoadAttributes (143ms)
				ProcessInitializeOnLoadMethodAttributes (73ms)
				AfterProcessingInitializeOnLoad (0ms)
				EditorAssembliesLoaded (0ms)
			ExecutionOrderSort2 (0ms)
			AwakeInstancesAfterBackupRestoration (0ms)
Platform modules already initialized, skipping
Registering precompiled user dll's ...
Registered in 0.010601 seconds.
Begin MonoManager ReloadAssembly
Symbol file LoadedFromMemory doesn't match image C:\Users\scrab\Downloads\unity\MastersProject\My project\Library\PackageCache\com.unity.visualscripting@1.7.8\Editor\VisualScripting.Core\Dependencies\YamlDotNet\Unity.VisualScripting.YamlDotNet.dll
Symbol file LoadedFromMemory doesn't match image C:\Users\scrab\Downloads\unity\MastersProject\My project\Library\PackageCache\com.unity.visualscripting@1.7.8\Editor\VisualScripting.Core\Dependencies\DotNetZip\Unity.VisualScripting.IonicZip.dll
Native extension for WindowsStandalone target not found
Native extension for Android target not found
Native extension for WebGL target not found
Refreshing native plugins compatible for Editor in 1.02 ms, found 3 plugins.
Preloading 0 native plugins for Editor in 0.00 ms.
Mono: successfully reloaded assembly
- Completed reload, in  1.818 seconds
Domain Reload Profiling:
	ReloadAssembly (1819ms)
		BeginReloadAssembly (283ms)
			ExecutionOrderSort (0ms)
			DisableScriptedObjects (8ms)
			BackupInstance (0ms)
			ReleaseScriptingObjects (0ms)
			CreateAndSetChildDomain (137ms)
		EndReloadAssembly (1324ms)
			LoadAssemblies (138ms)
			RebuildTransferFunctionScriptingTraits (0ms)
			SetupTypeCache (409ms)
			ReleaseScriptCaches (1ms)
			RebuildScriptCaches (95ms)
			SetupLoadedEditorAssemblies (614ms)
				LogAssemblyErrors (0ms)
				InitializePlatformSupportModulesInManaged (32ms)
				SetLoadedEditorAssemblies (1ms)
				RefreshPlugins (1ms)
				BeforeProcessingInitializeOnLoad (152ms)
				ProcessInitializeOnLoadAttributes (364ms)
				ProcessInitializeOnLoadMethodAttributes (44ms)
				AfterProcessingInitializeOnLoad (19ms)
				EditorAssembliesLoaded (0ms)
			ExecutionOrderSort2 (0ms)
			AwakeInstancesAfterBackupRestoration (13ms)
Platform modules already initialized, skipping
========================================================================
Worker process is ready to serve import requests
Launched and connected shader compiler UnityShaderCompiler.exe after 0.08 seconds
Refreshing native plugins compatible for Editor in 0.81 ms, found 3 plugins.
Preloading 0 native plugins for Editor in 0.00 ms.
Unloading 3377 Unused Serialized files (Serialized files now loaded: 0)
Unloading 27 unused Assets / (111.0 KB). Loaded Objects now: 3836.
Memory consumption went from 116.2 MB to 116.1 MB.
Total: 6.208300 ms (FindLiveObjects: 0.426000 ms CreateObjectMapping: 0.149900 ms MarkObjects: 5.481900 ms  DeleteObjects: 0.149000 ms)

AssetImportParameters requested are different than current active one (requested -> active):
  custom:video-decoder-ogg-theora: a1e56fd34408186e4bbccfd4996cb3dc -> 
  custom:container-muxer-webm: aa71ff27fc2769a1b78a27578f13a17b -> 
  custom:container-demuxer-webm: 4f35f7cbe854078d1ac9338744f61a02 -> 
  custom:video-encoder-webm-vp8: eb34c28f22e8b96e1ab97ce403110664 -> 
  custom:audio-encoder-webm-vorbis: bf7c407c2cedff20999df2af8eb42d56 -> 
  custom:framework-win-MediaFoundation: 216162199b28c13a410421893ffa2e32 -> 
  custom:container-demuxer-ogg: 62fdf1f143b41e24485cea50d1cbac27 -> 
  custom:video-decoder-webm-vp8: 9c59270c3fd7afecdb556c50c9e8de78 -> 
  custom:audio-decoder-ogg-vorbis: bf7c407c2cedff20999df2af8eb42d56 -> 
========================================================================
Received Import Request.
  Time since last request: 9912.180981 seconds.
  path: Assets/ModularDungeon/Banners.fbx
  artifactKey: Guid(7c6ce69499659d54581e77fe9aaaa233) Importer(815301076,1909f56bfc062723c751e8b465ee728b)
Start importing Assets/ModularDungeon/Banners.fbx using Guid(7c6ce69499659d54581e77fe9aaaa233) Importer(815301076,1909f56bfc062723c751e8b465ee728b)  -> (artifact id: 'cdeadc53411a0fbdfdd2835a5a40eec2') in 1.101617 seconds 
========================================================================
Received Import Request.
  Time since last request: 0.000039 seconds.
  path: Assets/ModularDungeon/Prefabs/Door3Frame.prefab
  artifactKey: Guid(398d6ad88c559ed4d8fb1782a9fb8bfa) Importer(815301076,1909f56bfc062723c751e8b465ee728b)
Start importing Assets/ModularDungeon/Prefabs/Door3Frame.prefab using Guid(398d6ad88c559ed4d8fb1782a9fb8bfa) Importer(815301076,1909f56bfc062723c751e8b465ee728b)  -> (artifact id: '10a2180df14c5114f9fa38c34ab4dc04') in 0.132910 seconds 
========================================================================
Received Import Request.
  Time since last request: 0.000057 seconds.
  path: Assets/ModularDungeon/Prefabs/Wall2m.prefab
  artifactKey: Guid(b447c09df0645ec4e809ba1ad21f018e) Importer(815301076,1909f56bfc062723c751e8b465ee728b)
Start importing Assets/ModularDungeon/Prefabs/Wall2m.prefab using Guid(b447c09df0645ec4e809ba1ad21f018e) Importer(815301076,1909f56bfc062723c751e8b465ee728b)  -> (artifact id: 'e6a97e99e579f14f4261b2f36e8bfb94') in 0.018463 seconds 
========================================================================
Received Import Request.
  Time since last request: 0.000045 seconds.
  path: Assets/ModularDungeon/Prefabs/LightCandleHolderB07.prefab
  artifactKey: Guid(696df4066044fb448a27aecce2c4f791) Importer(815301076,1909f56bfc062723c751e8b465ee728b)
Start importing Assets/ModularDungeon/Prefabs/LightCandleHolderB07.prefab using Guid(696df4066044fb448a27aecce2c4f791) Importer(815301076,1909f56bfc062723c751e8b465ee728b)  -> (artifact id: 'fff32a78996f25f05454a41065c3037b') in 0.083270 seconds 
========================================================================
Received Import Request.
  Time since last request: 0.000059 seconds.
  path: Assets/ModularDungeon/Prefabs/Door4Frame.prefab
  artifactKey: Guid(8d2e2370d29f3e84a8b8e049288dfa41) Importer(815301076,1909f56bfc062723c751e8b465ee728b)
Start importing Assets/ModularDungeon/Prefabs/Door4Frame.prefab using Guid(8d2e2370d29f3e84a8b8e049288dfa41) Importer(815301076,1909f56bfc062723c751e8b465ee728b)  -> (artifact id: '097973d7cce0858d646b05a6f22b149a') in 0.088337 seconds 
========================================================================
Received Import Request.
  Time since last request: 0.000039 seconds.
  path: Assets/ModularDungeon/Prefabs/Barrel01.prefab
  artifactKey: Guid(7f54145ee647d6344a97295cd24baf93) Importer(815301076,1909f56bfc062723c751e8b465ee728b)
Start importing Assets/ModularDungeon/Prefabs/Barrel01.prefab using Guid(7f54145ee647d6344a97295cd24baf93) Importer(815301076,1909f56bfc062723c751e8b465ee728b)  -> (artifact id: '472b9069e4eb5adcc61475041620e7f9') in 0.030762 seconds 
========================================================================
Received Import Request.
  Time since last request: 0.000045 seconds.
  path: Assets/ModularDungeon/Prefabs/Floor5Corner.prefab
  artifactKey: Guid(04689d14e4821f2439f570983305eda3) Importer(815301076,1909f56bfc062723c751e8b465ee728b)
Start importing Assets/ModularDungeon/Prefabs/Floor5Corner.prefab using Guid(04689d14e4821f2439f570983305eda3) Importer(815301076,1909f56bfc062723c751e8b465ee728b)  -> (artifact id: 'a94df37bc94133be353fbaa0651b7970') in 0.020487 seconds 
========================================================================
Received Import Request.
  Time since last request: 0.000038 seconds.
  path: Assets/ModularDungeon/Prefabs/VaultCollumC2m.prefab
  artifactKey: Guid(0b5bc4bee2d6d1a489254d989bdbc04d) Importer(815301076,1909f56bfc062723c751e8b465ee728b)
Start importing Assets/ModularDungeon/Prefabs/VaultCollumC2m.prefab using Guid(0b5bc4bee2d6d1a489254d989bdbc04d) Importer(815301076,1909f56bfc062723c751e8b465ee728b)  -> (artifact id: '53eea8cbab7b937629a42b5aa98303cb') in 0.034391 seconds 
========================================================================
Received Import Request.
  Time since last request: 0.000052 seconds.
  path: Assets/ModularDungeon/Prefabs/LightCandleHolderB05.prefab
  artifactKey: Guid(39c6722f363c31f4b9bb93d1e8903c7a) Importer(815301076,1909f56bfc062723c751e8b465ee728b)
Start importing Assets/ModularDungeon/Prefabs/LightCandleHolderB05.prefab using Guid(39c6722f363c31f4b9bb93d1e8903c7a) Importer(815301076,1909f56bfc062723c751e8b465ee728b)  -> (artifact id: 'd5cb02a5ecba1692beb06b556c66ee89') in 0.087709 seconds 
========================================================================
Received Import Request.
  Time since last request: 0.000045 seconds.
  path: Assets/ModularDungeon/Prefabs/LightCandleHolderB02.prefab
  artifactKey: Guid(2211afe349bf9eb4e8c03df33afa1fa1) Importer(815301076,1909f56bfc062723c751e8b465ee728b)
Start importing Assets/ModularDungeon/Prefabs/LightCandleHolderB02.prefab using Guid(2211afe349bf9eb4e8c03df33afa1fa1) Importer(815301076,1909f56bfc062723c751e8b465ee728b)  -> (artifact id: '6a0f7fa4fa4c67e7a19f92b125e1aeb9') in 0.084461 seconds 
========================================================================
Received Import Request.
  Time since last request: 0.000061 seconds.
  path: Assets/ModularDungeon/Prefabs/Vault1m.prefab
  artifactKey: Guid(f60cedb66310feb4fa88fa525f0816bb) Importer(815301076,1909f56bfc062723c751e8b465ee728b)
Start importing Assets/ModularDungeon/Prefabs/Vault1m.prefab using Guid(f60cedb66310feb4fa88fa525f0816bb) Importer(815301076,1909f56bfc062723c751e8b465ee728b)  -> (artifact id: '916c72002e376c0a17f6cbd3f8e3a6f1') in 0.027035 seconds 
========================================================================
Received Import Request.
  Time since last request: 0.000059 seconds.
  path: Assets/ModularDungeon/Prefabs/Floor1.prefab
  artifactKey: Guid(e33982dee59c5594faec2ecdfa1af397) Importer(815301076,1909f56bfc062723c751e8b465ee728b)
Start importing Assets/ModularDungeon/Prefabs/Floor1.prefab using Guid(e33982dee59c5594faec2ecdfa1af397) Importer(815301076,1909f56bfc062723c751e8b465ee728b)  -> (artifact id: '38d27b99df1c80416eee8301b5c83e8c') in 0.020682 seconds 
========================================================================
Received Import Request.
  Time since last request: 0.000028 seconds.
  path: Assets/ModularDungeon/Prefabs/Door5Frame.prefab
  artifactKey: Guid(0d6f6daeb37dbb54abb57cdb264760fa) Importer(815301076,1909f56bfc062723c751e8b465ee728b)
Start importing Assets/ModularDungeon/Prefabs/Door5Frame.prefab using Guid(0d6f6daeb37dbb54abb57cdb264760fa) Importer(815301076,1909f56bfc062723c751e8b465ee728b)  -> (artifact id: '050efc9351657a7e4020e84e15cfc8f3') in 0.106410 seconds 
========================================================================
Received Import Request.
  Time since last request: 0.000030 seconds.
  path: Assets/ModularDungeon/Prefabs/Banner02.prefab
  artifactKey: Guid(2186842d352648c49b9b18c57da99734) Importer(815301076,1909f56bfc062723c751e8b465ee728b)
Start importing Assets/ModularDungeon/Prefabs/Banner02.prefab using Guid(2186842d352648c49b9b18c57da99734) Importer(815301076,1909f56bfc062723c751e8b465ee728b)  -> (artifact id: 'afde1c8ff96ed6d82738c6f9e226c232') in 0.059015 seconds 
========================================================================
Received Import Request.
  Time since last request: 0.000042 seconds.
  path: Assets/ModularDungeon/Prefabs/LightCandleHolderB06.prefab
  artifactKey: Guid(8f97b222863f1b74393c487c55639878) Importer(815301076,1909f56bfc062723c751e8b465ee728b)
Start importing Assets/ModularDungeon/Prefabs/LightCandleHolderB06.prefab using Guid(8f97b222863f1b74393c487c55639878) Importer(815301076,1909f56bfc062723c751e8b465ee728b)  -> (artifact id: 'fd92a67a92a183534a8e1f54f128b142') in 0.106077 seconds 
========================================================================
Received Import Request.
  Time since last request: 0.000088 seconds.
  path: Assets/ModularDungeon/Prefabs/LightLanternB04.prefab
  artifactKey: Guid(46c280caf5016b4438a9884ac94d8cba) Importer(815301076,1909f56bfc062723c751e8b465ee728b)
Start importing Assets/ModularDungeon/Prefabs/LightLanternB04.prefab using Guid(46c280caf5016b4438a9884ac94d8cba) Importer(815301076,1909f56bfc062723c751e8b465ee728b)  -> (artifact id: 'ec0623a89e8a637079446d2d8faf1e0c') in 0.108127 seconds 
========================================================================
Received Import Request.
  Time since last request: 0.000041 seconds.
  path: Assets/ModularDungeon/Prefabs/Floor4Middle.prefab
  artifactKey: Guid(68d039e1c070c3f4aab33cc819bfb6ef) Importer(815301076,1909f56bfc062723c751e8b465ee728b)
Start importing Assets/ModularDungeon/Prefabs/Floor4Middle.prefab using Guid(68d039e1c070c3f4aab33cc819bfb6ef) Importer(815301076,1909f56bfc062723c751e8b465ee728b)  -> (artifact id: '85e649b0440a481da2d19635a2a947f0') in 0.025428 seconds 
========================================================================
Received Import Request.
  Time since last request: 0.000033 seconds.
  path: Assets/ModularDungeon/Prefabs/VaultColumnA2m.prefab
  artifactKey: Guid(d5784e897e3fd4948a3dc7217883357d) Importer(815301076,1909f56bfc062723c751e8b465ee728b)
Start importing Assets/ModularDungeon/Prefabs/VaultColumnA2m.prefab using Guid(d5784e897e3fd4948a3dc7217883357d) Importer(815301076,1909f56bfc062723c751e8b465ee728b)  -> (artifact id: '3affe73768139911d53ed910434e03a2') in 0.029694 seconds 
========================================================================
Received Import Request.
  Time since last request: 0.000046 seconds.
  path: Assets/ModularDungeon/Prefabs/Candle.prefab
  artifactKey: Guid(3d56b7a51628db249b815bc3d482c492) Importer(815301076,1909f56bfc062723c751e8b465ee728b)
Start importing Assets/ModularDungeon/Prefabs/Candle.prefab using Guid(3d56b7a51628db249b815bc3d482c492) Importer(815301076,1909f56bfc062723c751e8b465ee728b)  -> (artifact id: 'cda086f61277418c00783cfe8545b743') in 0.215860 seconds 
========================================================================
Received Prepare
Registering precompiled user dll's ...
Registered in 0.013308 seconds.
Begin MonoManager ReloadAssembly
Symbol file LoadedFromMemory doesn't match image C:\Users\scrab\Downloads\unity\MastersProject\My project\Library\PackageCache\com.unity.visualscripting@1.7.8\Editor\VisualScripting.Core\Dependencies\YamlDotNet\Unity.VisualScripting.YamlDotNet.dll
Symbol file LoadedFromMemory doesn't match image C:\Users\scrab\Downloads\unity\MastersProject\My project\Library\PackageCache\com.unity.visualscripting@1.7.8\Editor\VisualScripting.Core\Dependencies\DotNetZip\Unity.VisualScripting.IonicZip.dll
Native extension for WindowsStandalone target not found
Native extension for Android target not found
Native extension for WebGL target not found
Refreshing native plugins compatible for Editor in 1.01 ms, found 3 plugins.
Preloading 0 native plugins for Editor in 0.00 ms.
Mono: successfully reloaded assembly
- Completed reload, in  1.524 seconds
Domain Reload Profiling:
	ReloadAssembly (1525ms)
		BeginReloadAssembly (195ms)
			ExecutionOrderSort (0ms)
			DisableScriptedObjects (7ms)
			BackupInstance (0ms)
			ReleaseScriptingObjects (0ms)
			CreateAndSetChildDomain (53ms)
		EndReloadAssembly (1177ms)
			LoadAssemblies (134ms)
			RebuildTransferFunctionScriptingTraits (0ms)
			SetupTypeCache (380ms)
			ReleaseScriptCaches (2ms)
			RebuildScriptCaches (75ms)
			SetupLoadedEditorAssemblies (531ms)
				LogAssemblyErrors (0ms)
				InitializePlatformSupportModulesInManaged (38ms)
				SetLoadedEditorAssemblies (1ms)
				RefreshPlugins (1ms)
				BeforeProcessingInitializeOnLoad (122ms)
				ProcessInitializeOnLoadAttributes (315ms)
				ProcessInitializeOnLoadMethodAttributes (38ms)
				AfterProcessingInitializeOnLoad (16ms)
				EditorAssembliesLoaded (0ms)
			ExecutionOrderSort2 (0ms)
			AwakeInstancesAfterBackupRestoration (10ms)
Platform modules already initialized, skipping
Refreshing native plugins compatible for Editor in 2.71 ms, found 3 plugins.
Preloading 0 native plugins for Editor in 0.00 ms.
Unloading 3373 Unused Serialized files (Serialized files now loaded: 0)
Unloading 20 unused Assets / (78.2 KB). Loaded Objects now: 3850.
Memory consumption went from 121.3 MB to 121.2 MB.
Total: 4.041800 ms (FindLiveObjects: 0.364200 ms CreateObjectMapping: 0.094900 ms MarkObjects: 3.465900 ms  DeleteObjects: 0.114700 ms)

AssetImportParameters requested are different than current active one (requested -> active):
  custom:video-decoder-ogg-theora: a1e56fd34408186e4bbccfd4996cb3dc -> 
  custom:container-muxer-webm: aa71ff27fc2769a1b78a27578f13a17b -> 
  custom:container-demuxer-webm: 4f35f7cbe854078d1ac9338744f61a02 -> 
  custom:video-encoder-webm-vp8: eb34c28f22e8b96e1ab97ce403110664 -> 
  custom:audio-encoder-webm-vorbis: bf7c407c2cedff20999df2af8eb42d56 -> 
  custom:framework-win-MediaFoundation: 216162199b28c13a410421893ffa2e32 -> 
  custom:container-demuxer-ogg: 62fdf1f143b41e24485cea50d1cbac27 -> 
  custom:video-decoder-webm-vp8: 9c59270c3fd7afecdb556c50c9e8de78 -> 
  custom:audio-decoder-ogg-vorbis: bf7c407c2cedff20999df2af8eb42d56 -> 
========================================================================
Received Prepare
Registering precompiled user dll's ...
Registered in 0.011462 seconds.
Begin MonoManager ReloadAssembly
Symbol file LoadedFromMemory doesn't match image C:\Users\scrab\Downloads\unity\MastersProject\My project\Library\PackageCache\com.unity.visualscripting@1.7.8\Editor\VisualScripting.Core\Dependencies\YamlDotNet\Unity.VisualScripting.YamlDotNet.dll
Symbol file LoadedFromMemory doesn't match image C:\Users\scrab\Downloads\unity\MastersProject\My project\Library\PackageCache\com.unity.visualscripting@1.7.8\Editor\VisualScripting.Core\Dependencies\DotNetZip\Unity.VisualScripting.IonicZip.dll
Native extension for WindowsStandalone target not found
Native extension for Android target not found
Native extension for WebGL target not found
Refreshing native plugins compatible for Editor in 0.78 ms, found 3 plugins.
Preloading 0 native plugins for Editor in 0.00 ms.
Mono: successfully reloaded assembly
- Completed reload, in  1.554 seconds
Domain Reload Profiling:
	ReloadAssembly (1555ms)
		BeginReloadAssembly (203ms)
			ExecutionOrderSort (0ms)
			DisableScriptedObjects (9ms)
			BackupInstance (0ms)
			ReleaseScriptingObjects (0ms)
			CreateAndSetChildDomain (56ms)
		EndReloadAssembly (1186ms)
			LoadAssemblies (130ms)
			RebuildTransferFunctionScriptingTraits (0ms)
			SetupTypeCache (415ms)
			ReleaseScriptCaches (2ms)
			RebuildScriptCaches (60ms)
			SetupLoadedEditorAssemblies (525ms)
				LogAssemblyErrors (0ms)
				InitializePlatformSupportModulesInManaged (35ms)
				SetLoadedEditorAssemblies (1ms)
				RefreshPlugins (1ms)
				BeforeProcessingInitializeOnLoad (107ms)
				ProcessInitializeOnLoadAttributes (318ms)
				ProcessInitializeOnLoadMethodAttributes (42ms)
				AfterProcessingInitializeOnLoad (20ms)
				EditorAssembliesLoaded (0ms)
			ExecutionOrderSort2 (0ms)
			AwakeInstancesAfterBackupRestoration (10ms)
Platform modules already initialized, skipping
Refreshing native plugins compatible for Editor in 2.99 ms, found 3 plugins.
Preloading 0 native plugins for Editor in 0.00 ms.
Unloading 3374 Unused Serialized files (Serialized files now loaded: 0)
Unloading 20 unused Assets / (78.2 KB). Loaded Objects now: 3854.
Memory consumption went from 121.3 MB to 121.2 MB.
Total: 4.187400 ms (FindLiveObjects: 0.368000 ms CreateObjectMapping: 0.112200 ms MarkObjects: 3.588700 ms  DeleteObjects: 0.117100 ms)

AssetImportParameters requested are different than current active one (requested -> active):
  custom:video-decoder-ogg-theora: a1e56fd34408186e4bbccfd4996cb3dc -> 
  custom:container-muxer-webm: aa71ff27fc2769a1b78a27578f13a17b -> 
  custom:container-demuxer-webm: 4f35f7cbe854078d1ac9338744f61a02 -> 
  custom:video-encoder-webm-vp8: eb34c28f22e8b96e1ab97ce403110664 -> 
  custom:audio-encoder-webm-vorbis: bf7c407c2cedff20999df2af8eb42d56 -> 
  custom:framework-win-MediaFoundation: 216162199b28c13a410421893ffa2e32 -> 
  custom:container-demuxer-ogg: 62fdf1f143b41e24485cea50d1cbac27 -> 
  custom:video-decoder-webm-vp8: 9c59270c3fd7afecdb556c50c9e8de78 -> 
  custom:audio-decoder-ogg-vorbis: bf7c407c2cedff20999df2af8eb42d56 -> 
========================================================================
Received Import Request.
  Time since last request: 587.898645 seconds.
  path: Assets/Dialogue_Anims/Animations/Talking_Casual_HandGesture01.FBX
  artifactKey: Guid(785814cc3e7580f4e9d07c5684c47c3a) Importer(815301076,1909f56bfc062723c751e8b465ee728b)
Start importing Assets/Dialogue_Anims/Animations/Talking_Casual_HandGesture01.FBX using Guid(785814cc3e7580f4e9d07c5684c47c3a) Importer(815301076,1909f56bfc062723c751e8b465ee728b)  -> (artifact id: '70cab59bed40f95f81561818b9767299') in 0.079491 seconds 
========================================================================
Received Import Request.
  Time since last request: 0.000043 seconds.
  path: Assets/Dialogue_Anims/Animations/Talking_Cheesy_RH_ThumbsUp.FBX
  artifactKey: Guid(06edd1942292dcc49bf4bf60439bd274) Importer(815301076,1909f56bfc062723c751e8b465ee728b)
Start importing Assets/Dialogue_Anims/Animations/Talking_Cheesy_RH_ThumbsUp.FBX using Guid(06edd1942292dcc49bf4bf60439bd274) Importer(815301076,1909f56bfc062723c751e8b465ee728b)  -> (artifact id: 'd14012709fd6b178297571f5c6e8eef3') in 0.017681 seconds 
========================================================================
Received Import Request.
  Time since last request: 0.000036 seconds.
  path: Assets/Dialogue_Anims/Animations/Talking_Casual_HandGesture08.FBX
  artifactKey: Guid(8ed1e5706b0893a4a807a6daeeaad33d) Importer(815301076,1909f56bfc062723c751e8b465ee728b)
Start importing Assets/Dialogue_Anims/Animations/Talking_Casual_HandGesture08.FBX using Guid(8ed1e5706b0893a4a807a6daeeaad33d) Importer(815301076,1909f56bfc062723c751e8b465ee728b)  -> (artifact id: 'd3ded23a9af11e57a0b3ff67d791a767') in 0.019226 seconds 
========================================================================
Received Import Request.
  Time since last request: 0.000051 seconds.
  path: Assets/Dialogue_Anims/Animations/Talking_Expressive_HandGesture06.FBX
  artifactKey: Guid(52e797cf3a29c2c45a59c065d6fab3a2) Importer(815301076,1909f56bfc062723c751e8b465ee728b)
Start importing Assets/Dialogue_Anims/Animations/Talking_Expressive_HandGesture06.FBX using Guid(52e797cf3a29c2c45a59c065d6fab3a2) Importer(815301076,1909f56bfc062723c751e8b465ee728b)  -> (artifact id: '68c6fedef26c366e79faa9821353d8a5') in 0.021392 seconds 
========================================================================
Received Import Request.
  Time since last request: 0.000042 seconds.
  path: Assets/Dialogue_Anims/Animations/Talking_Casual_HandGesture02.FBX
  artifactKey: Guid(145d35797e4b7dc45b253f54b1f9b376) Importer(815301076,1909f56bfc062723c751e8b465ee728b)
Start importing Assets/Dialogue_Anims/Animations/Talking_Casual_HandGesture02.FBX using Guid(145d35797e4b7dc45b253f54b1f9b376) Importer(815301076,1909f56bfc062723c751e8b465ee728b)  -> (artifact id: '1be956984cfc36f2b93ed7b9af5fe003') in 0.018079 seconds 
========================================================================
Received Import Request.
  Time since last request: 0.000043 seconds.
  path: Assets/Dialogue_Anims/Animations/Talking_ElbowRest_Enter.FBX
  artifactKey: Guid(66451920234526f4d8c993e8161223e0) Importer(815301076,1909f56bfc062723c751e8b465ee728b)
Start importing Assets/Dialogue_Anims/Animations/Talking_ElbowRest_Enter.FBX using Guid(66451920234526f4d8c993e8161223e0) Importer(815301076,1909f56bfc062723c751e8b465ee728b)  -> (artifact id: '07e1b86913570d0ef2a73c1598c8bca7') in 0.031437 seconds 
========================================================================
Received Import Request.
  Time since last request: 0.000033 seconds.
  path: Assets/Dialogue_Anims/Animations/Talking_HandOnHip_HandGesture07.FBX
  artifactKey: Guid(103ff0dbbea0c064682d8647361c8011) Importer(815301076,1909f56bfc062723c751e8b465ee728b)
Start importing Assets/Dialogue_Anims/Animations/Talking_HandOnHip_HandGesture07.FBX using Guid(103ff0dbbea0c064682d8647361c8011) Importer(815301076,1909f56bfc062723c751e8b465ee728b)  -> (artifact id: '927833e83581505081a4fe598606efeb') in 0.020035 seconds 
========================================================================
Received Import Request.
  Time since last request: 0.000035 seconds.
  path: Assets/Dialogue_Anims/Animations/Talking_ElbowRest_HandGesture01.FBX
  artifactKey: Guid(db42e3267a5927942b5e3b638f2c49c4) Importer(815301076,1909f56bfc062723c751e8b465ee728b)
Start importing Assets/Dialogue_Anims/Animations/Talking_ElbowRest_HandGesture01.FBX using Guid(db42e3267a5927942b5e3b638f2c49c4) Importer(815301076,1909f56bfc062723c751e8b465ee728b)  -> (artifact id: '9da1f431d56407fb1de329ec7efa5f7b') in 0.021923 seconds 
========================================================================
Received Import Request.
  Time since last request: 0.000029 seconds.
  path: Assets/Dialogue_Anims/Animations/Talking_Expressive_HandGesture05.FBX
  artifactKey: Guid(fd989e263d0e9ac4c9ef5681d5be4694) Importer(815301076,1909f56bfc062723c751e8b465ee728b)
Start importing Assets/Dialogue_Anims/Animations/Talking_Expressive_HandGesture05.FBX using Guid(fd989e263d0e9ac4c9ef5681d5be4694) Importer(815301076,1909f56bfc062723c751e8b465ee728b)  -> (artifact id: 'b9eaa76ea85870b91e0cfb927400c4ee') in 0.016596 seconds 
========================================================================
Received Import Request.
  Time since last request: 0.000036 seconds.
  path: Assets/Dialogue_Anims/Animations/Talking_Casual_HandGesture14.FBX
  artifactKey: Guid(6b34614498323a14b9e423f6d2442984) Importer(815301076,1909f56bfc062723c751e8b465ee728b)
Start importing Assets/Dialogue_Anims/Animations/Talking_Casual_HandGesture14.FBX using Guid(6b34614498323a14b9e423f6d2442984) Importer(815301076,1909f56bfc062723c751e8b465ee728b)  -> (artifact id: '25875cdb158d60c180174bafc1b37b3b') in 0.019038 seconds 
========================================================================
Received Import Request.
  Time since last request: 0.000032 seconds.
  path: Assets/Dialogue_Anims/Animations/Talking_Casual_HandGesture16.FBX
  artifactKey: Guid(79b3fcadadacb004e9127706f9b5a858) Importer(815301076,1909f56bfc062723c751e8b465ee728b)
Start importing Assets/Dialogue_Anims/Animations/Talking_Casual_HandGesture16.FBX using Guid(79b3fcadadacb004e9127706f9b5a858) Importer(815301076,1909f56bfc062723c751e8b465ee728b)  -> (artifact id: '691eef024b91f95795efc92d45b18c92') in 0.017409 seconds 
========================================================================
Received Import Request.
  Time since last request: 0.000030 seconds.
  path: Assets/Dialogue_Anims/Animations/Talking_Expressive_FullBody07.FBX
  artifactKey: Guid(0d00283cad0839549b1e324208a2a5c3) Importer(815301076,1909f56bfc062723c751e8b465ee728b)
Start importing Assets/Dialogue_Anims/Animations/Talking_Expressive_FullBody07.FBX using Guid(0d00283cad0839549b1e324208a2a5c3) Importer(815301076,1909f56bfc062723c751e8b465ee728b)  -> (artifact id: '58f3d06586c1d2b64a29fc631b6ece58') in 0.021591 seconds 
========================================================================
Received Import Request.
  Time since last request: 0.000039 seconds.
  path: Assets/Dialogue_Anims/Animations/Talking_Casual_HandGesture07.FBX
  artifactKey: Guid(c76e02ef87e737748a1af054b0ebd87b) Importer(815301076,1909f56bfc062723c751e8b465ee728b)
Start importing Assets/Dialogue_Anims/Animations/Talking_Casual_HandGesture07.FBX using Guid(c76e02ef87e737748a1af054b0ebd87b) Importer(815301076,1909f56bfc062723c751e8b465ee728b)  -> (artifact id: 'b616a48664f58250fb731c13e7d44833') in 0.022283 seconds 
========================================================================
Received Import Request.
  Time since last request: 0.000042 seconds.
  path: Assets/Dialogue_Anims/Animations/Talking_HandOnHip_HandGesture02.FBX
  artifactKey: Guid(ae9e441d7c25769409c5a211ae34453d) Importer(815301076,1909f56bfc062723c751e8b465ee728b)
Start importing Assets/Dialogue_Anims/Animations/Talking_HandOnHip_HandGesture02.FBX using Guid(ae9e441d7c25769409c5a211ae34453d) Importer(815301076,1909f56bfc062723c751e8b465ee728b)  -> (artifact id: 'bd432f86483b69277d6a78a84c810639') in 0.018063 seconds 
========================================================================
Received Import Request.
  Time since last request: 0.000038 seconds.
  path: Assets/Dialogue_Anims/Animations/Talking_Goblin_02.FBX
  artifactKey: Guid(07ea8d347121c5845b5ccb504eaf450a) Importer(815301076,1909f56bfc062723c751e8b465ee728b)
Start importing Assets/Dialogue_Anims/Animations/Talking_Goblin_02.FBX using Guid(07ea8d347121c5845b5ccb504eaf450a) Importer(815301076,1909f56bfc062723c751e8b465ee728b)  -> (artifact id: 'beaede004dd1bfbd3c83753a393881d2') in 0.019796 seconds 
========================================================================
Received Import Request.
  Time since last request: 0.000048 seconds.
  path: Assets/Dialogue_Anims/Animations/Talking_HandOnHip_HandGesture15.FBX
  artifactKey: Guid(95817d6db3a3231469653de9b3af3638) Importer(815301076,1909f56bfc062723c751e8b465ee728b)
Start importing Assets/Dialogue_Anims/Animations/Talking_HandOnHip_HandGesture15.FBX using Guid(95817d6db3a3231469653de9b3af3638) Importer(815301076,1909f56bfc062723c751e8b465ee728b)  -> (artifact id: 'e9cf307a0b3284617f3f33a2965fb754') in 0.018095 seconds 
========================================================================
Received Import Request.
  Time since last request: 0.000030 seconds.
  path: Assets/Dialogue_Anims/Animations/Talking_HandOnHip_Exit.FBX
  artifactKey: Guid(8ba41abbb79af834199508d820dabb52) Importer(815301076,1909f56bfc062723c751e8b465ee728b)
Start importing Assets/Dialogue_Anims/Animations/Talking_HandOnHip_Exit.FBX using Guid(8ba41abbb79af834199508d820dabb52) Importer(815301076,1909f56bfc062723c751e8b465ee728b)  -> (artifact id: '8c910ff23a9f44fa46c5a798327b78b8') in 0.021363 seconds 
========================================================================
Received Import Request.
  Time since last request: 0.000036 seconds.
  path: Assets/Dialogue_Anims/Animations/Talking_Creep_Idle.FBX
  artifactKey: Guid(3d04e3380dc845240a498dbfc3b761d2) Importer(815301076,1909f56bfc062723c751e8b465ee728b)
Start importing Assets/Dialogue_Anims/Animations/Talking_Creep_Idle.FBX using Guid(3d04e3380dc845240a498dbfc3b761d2) Importer(815301076,1909f56bfc062723c751e8b465ee728b)  -> (artifact id: 'c714e5ad94ea536fa2c3fc159a104f11') in 0.021217 seconds 
========================================================================
Received Import Request.
  Time since last request: 0.000029 seconds.
  path: Assets/Dialogue_Anims/Animations/Talking_HandOnHip_HandGesture13.FBX
  artifactKey: Guid(450940575681a614c8b3ba8e63283bd2) Importer(815301076,1909f56bfc062723c751e8b465ee728b)
Start importing Assets/Dialogue_Anims/Animations/Talking_HandOnHip_HandGesture13.FBX using Guid(450940575681a614c8b3ba8e63283bd2) Importer(815301076,1909f56bfc062723c751e8b465ee728b)  -> (artifact id: '671db6b15df7b1530b267d720241ba31') in 0.021592 seconds 
========================================================================
Received Import Request.
  Time since last request: 0.000047 seconds.
  path: Assets/Dialogue_Anims/Animations/Talking_HandOnHip_Idle.FBX
  artifactKey: Guid(c2c7680302f686543be03f9670009a35) Importer(815301076,1909f56bfc062723c751e8b465ee728b)
Start importing Assets/Dialogue_Anims/Animations/Talking_HandOnHip_Idle.FBX using Guid(c2c7680302f686543be03f9670009a35) Importer(815301076,1909f56bfc062723c751e8b465ee728b)  -> (artifact id: '1b273f015db544edd5274d012def4777') in 0.025299 seconds 
========================================================================
Received Import Request.
  Time since last request: 0.000560 seconds.
  path: Assets/Dialogue_Anims/Animations/Talking_Casual_HandGesture05.FBX
  artifactKey: Guid(b640a9c378ba82747a8a325f4d4409af) Importer(815301076,1909f56bfc062723c751e8b465ee728b)
Start importing Assets/Dialogue_Anims/Animations/Talking_Casual_HandGesture05.FBX using Guid(b640a9c378ba82747a8a325f4d4409af) Importer(815301076,1909f56bfc062723c751e8b465ee728b)  -> (artifact id: '6a405a76b5caae87b83bdc9a4ba01ce3') in 0.036968 seconds 
========================================================================
Received Import Request.
  Time since last request: 0.000066 seconds.
  path: Assets/Dialogue_Anims/Animations/Talking_HandOnHip_HandGesture06.FBX
  artifactKey: Guid(2c73cb7394b73c74baa3bb48c91b5197) Importer(815301076,1909f56bfc062723c751e8b465ee728b)
Start importing Assets/Dialogue_Anims/Animations/Talking_HandOnHip_HandGesture06.FBX using Guid(2c73cb7394b73c74baa3bb48c91b5197) Importer(815301076,1909f56bfc062723c751e8b465ee728b)  -> (artifact id: 'd64028a91a268b02343d89238c97e17a') in 0.027645 seconds 
========================================================================
Received Import Request.
  Time since last request: 0.000030 seconds.
  path: Assets/Dialogue_Anims/Animations/Talking_HandOnHip_HandGesture09.FBX
  artifactKey: Guid(c5d1b115dfc0a174a808a23719dea079) Importer(815301076,1909f56bfc062723c751e8b465ee728b)
Start importing Assets/Dialogue_Anims/Animations/Talking_HandOnHip_HandGesture09.FBX using Guid(c5d1b115dfc0a174a808a23719dea079) Importer(815301076,1909f56bfc062723c751e8b465ee728b)  -> (artifact id: 'a959653119a52aba9f6cf163571cab96') in 0.019174 seconds 
========================================================================
Received Import Request.
  Time since last request: 0.000050 seconds.
  path: Assets/Dialogue_Anims/Animations/Talking_Casual_HandGesture04.FBX
  artifactKey: Guid(967172becca810b4b983392fd1b76722) Importer(815301076,1909f56bfc062723c751e8b465ee728b)
Start importing Assets/Dialogue_Anims/Animations/Talking_Casual_HandGesture04.FBX using Guid(967172becca810b4b983392fd1b76722) Importer(815301076,1909f56bfc062723c751e8b465ee728b)  -> (artifact id: '7abb38fb23ee69163dd13378d9e56863') in 0.023401 seconds 
========================================================================
Received Import Request.
  Time since last request: 0.000046 seconds.
  path: Assets/Dialogue_Anims/Animations/Talking_Goblin_01.FBX
  artifactKey: Guid(28232e9b1cd39244eadfefc39886a05b) Importer(815301076,1909f56bfc062723c751e8b465ee728b)
Start importing Assets/Dialogue_Anims/Animations/Talking_Goblin_01.FBX using Guid(28232e9b1cd39244eadfefc39886a05b) Importer(815301076,1909f56bfc062723c751e8b465ee728b)  -> (artifact id: '99c7bf885d521aa230f5df15ddd65f22') in 0.022817 seconds 
========================================================================
Received Import Request.
  Time since last request: 0.000031 seconds.
  path: Assets/Dialogue_Anims/Animations/Talking_Expressive_FullBody08.FBX
  artifactKey: Guid(39ba5aef9a60071449222999514725da) Importer(815301076,1909f56bfc062723c751e8b465ee728b)
Start importing Assets/Dialogue_Anims/Animations/Talking_Expressive_FullBody08.FBX using Guid(39ba5aef9a60071449222999514725da) Importer(815301076,1909f56bfc062723c751e8b465ee728b)  -> (artifact id: '9c14a729b90d734a6f8f5126a5410d88') in 0.016619 seconds 
========================================================================
Received Import Request.
  Time since last request: 0.000036 seconds.
  path: Assets/Dialogue_Anims/Animations/Talking_HandOnHip_HandGesture12.FBX
  artifactKey: Guid(c0676e937d4175c44806f3faf1a769d7) Importer(815301076,1909f56bfc062723c751e8b465ee728b)
Start importing Assets/Dialogue_Anims/Animations/Talking_HandOnHip_HandGesture12.FBX using Guid(c0676e937d4175c44806f3faf1a769d7) Importer(815301076,1909f56bfc062723c751e8b465ee728b)  -> (artifact id: 'f6a3e408f7cf5ebacd348144352ebfb2') in 0.021409 seconds 
========================================================================
Received Import Request.
  Time since last request: 0.000035 seconds.
  path: Assets/Dialogue_Anims/Animations/Talking_Casual_HandGesture11.FBX
  artifactKey: Guid(9faf4fe89b95351488948fbcba9edd20) Importer(815301076,1909f56bfc062723c751e8b465ee728b)
Start importing Assets/Dialogue_Anims/Animations/Talking_Casual_HandGesture11.FBX using Guid(9faf4fe89b95351488948fbcba9edd20) Importer(815301076,1909f56bfc062723c751e8b465ee728b)  -> (artifact id: '4ea0ec6ffbf6ee81ce1954db5d48fabf') in 0.020330 seconds 
========================================================================
Received Import Request.
  Time since last request: 0.000054 seconds.
  path: Assets/Dialogue_Anims/Animations/Talking_Cheesy_RH_Point.FBX
  artifactKey: Guid(72492fa03967ca94c80c645a96585838) Importer(815301076,1909f56bfc062723c751e8b465ee728b)
Start importing Assets/Dialogue_Anims/Animations/Talking_Cheesy_RH_Point.FBX using Guid(72492fa03967ca94c80c645a96585838) Importer(815301076,1909f56bfc062723c751e8b465ee728b)  -> (artifact id: '85dd60f05d850cad939d98e921ea8155') in 0.018646 seconds 
========================================================================
Received Import Request.
  Time since last request: 0.000044 seconds.
  path: Assets/Dialogue_Anims/Animations/Talking_Expressive_HandGesture09.FBX
  artifactKey: Guid(8cf3958e2a60fb748b8f2d4a2724f94d) Importer(815301076,1909f56bfc062723c751e8b465ee728b)
Start importing Assets/Dialogue_Anims/Animations/Talking_Expressive_HandGesture09.FBX using Guid(8cf3958e2a60fb748b8f2d4a2724f94d) Importer(815301076,1909f56bfc062723c751e8b465ee728b)  -> (artifact id: '4714dd4d0dd84fc09e3ff5d1c42126f5') in 0.022211 seconds 
========================================================================
Received Import Request.
  Time since last request: 0.000027 seconds.
  path: Assets/Dialogue_Anims/Animations/Talking_Expressive_HandGesture07.FBX
  artifactKey: Guid(0d171e3fc222f8140bd51976a5baba93) Importer(815301076,1909f56bfc062723c751e8b465ee728b)
Start importing Assets/Dialogue_Anims/Animations/Talking_Expressive_HandGesture07.FBX using Guid(0d171e3fc222f8140bd51976a5baba93) Importer(815301076,1909f56bfc062723c751e8b465ee728b)  -> (artifact id: 'bcf91b36225be51e86dadc366b6ecd07') in 0.019217 seconds 
========================================================================
Received Import Request.
  Time since last request: 0.000063 seconds.
  path: Assets/Dialogue_Anims/Animations/Talking_Expressive_FullBody03.FBX
  artifactKey: Guid(c5aa054c5af09e44eb32348b49d66ee2) Importer(815301076,1909f56bfc062723c751e8b465ee728b)
Start importing Assets/Dialogue_Anims/Animations/Talking_Expressive_FullBody03.FBX using Guid(c5aa054c5af09e44eb32348b49d66ee2) Importer(815301076,1909f56bfc062723c751e8b465ee728b)  -> (artifact id: '4055fbe8fc21973307d808fef5a08b67') in 0.020048 seconds 
========================================================================
Received Import Request.
  Time since last request: 0.000031 seconds.
  path: Assets/Dialogue_Anims/Animations/Talking_ElbowRest_HandGesture03.FBX
  artifactKey: Guid(e47620c8c98dbe04fb1f96b7ae64b233) Importer(815301076,1909f56bfc062723c751e8b465ee728b)
Start importing Assets/Dialogue_Anims/Animations/Talking_ElbowRest_HandGesture03.FBX using Guid(e47620c8c98dbe04fb1f96b7ae64b233) Importer(815301076,1909f56bfc062723c751e8b465ee728b)  -> (artifact id: '1b90952651619db417b21a7dd559f613') in 0.019878 seconds 
========================================================================
Received Import Request.
  Time since last request: 0.000026 seconds.
  path: Assets/Dialogue_Anims/Animations/Talking_Casual_Idle.FBX
  artifactKey: Guid(75a3c95597f0ee745b516c5f4078d37f) Importer(815301076,1909f56bfc062723c751e8b465ee728b)
Start importing Assets/Dialogue_Anims/Animations/Talking_Casual_Idle.FBX using Guid(75a3c95597f0ee745b516c5f4078d37f) Importer(815301076,1909f56bfc062723c751e8b465ee728b)  -> (artifact id: '61d72ea29759b474e05156341be17c9d') in 0.019093 seconds 
========================================================================
Received Import Request.
  Time since last request: 0.000044 seconds.
  path: Assets/Dialogue_Anims/Animations/Talking_Creep_HandGesture09.FBX
  artifactKey: Guid(9c01a8749d5864044b6520797020f108) Importer(815301076,1909f56bfc062723c751e8b465ee728b)
Start importing Assets/Dialogue_Anims/Animations/Talking_Creep_HandGesture09.FBX using Guid(9c01a8749d5864044b6520797020f108) Importer(815301076,1909f56bfc062723c751e8b465ee728b)  -> (artifact id: '4f725c38257685fb7c5583a6aaf6613f') in 0.018831 seconds 
========================================================================
Received Import Request.
  Time since last request: 0.000027 seconds.
  path: Assets/Dialogue_Anims/Animations/Talking_ElbowRest_Exit.FBX
  artifactKey: Guid(3e31728f8dcbc4741bce51238a2b574b) Importer(815301076,1909f56bfc062723c751e8b465ee728b)
Start importing Assets/Dialogue_Anims/Animations/Talking_ElbowRest_Exit.FBX using Guid(3e31728f8dcbc4741bce51238a2b574b) Importer(815301076,1909f56bfc062723c751e8b465ee728b)  -> (artifact id: 'b5bbf3296c2aeb2cbf765df3798114e0') in 0.017917 seconds 
========================================================================
Received Import Request.
  Time since last request: 0.000026 seconds.
  path: Assets/Dialogue_Anims/Animations/Talking_Expressive_FullBody06.FBX
  artifactKey: Guid(38883a90b43d04d4db68897edcb4d831) Importer(815301076,1909f56bfc062723c751e8b465ee728b)
Start importing Assets/Dialogue_Anims/Animations/Talking_Expressive_FullBody06.FBX using Guid(38883a90b43d04d4db68897edcb4d831) Importer(815301076,1909f56bfc062723c751e8b465ee728b)  -> (artifact id: 'affbcdc125457983a4449776d2d3f3c9') in 0.018179 seconds 
========================================================================
Received Import Request.
  Time since last request: 0.000046 seconds.
  path: Assets/Dialogue_Anims/Animations/Talking_Goblin_03.FBX
  artifactKey: Guid(de9cadf42e3872e43b2fa751b878c0f2) Importer(815301076,1909f56bfc062723c751e8b465ee728b)
Start importing Assets/Dialogue_Anims/Animations/Talking_Goblin_03.FBX using Guid(de9cadf42e3872e43b2fa751b878c0f2) Importer(815301076,1909f56bfc062723c751e8b465ee728b)  -> (artifact id: '02428b6c234ebd1b4165f42b1469fe80') in 0.021355 seconds 
========================================================================
Received Import Request.
  Time since last request: 0.000043 seconds.
  path: Assets/Dialogue_Anims/Animations/Talking_Casual_HandGesture15.FBX
  artifactKey: Guid(1bd87984f79967144bb3a274d846ccfb) Importer(815301076,1909f56bfc062723c751e8b465ee728b)
Start importing Assets/Dialogue_Anims/Animations/Talking_Casual_HandGesture15.FBX using Guid(1bd87984f79967144bb3a274d846ccfb) Importer(815301076,1909f56bfc062723c751e8b465ee728b)  -> (artifact id: '8f98162866ff595bd8cdce905dceec5d') in 0.019345 seconds 
========================================================================
Received Import Request.
  Time since last request: 0.000037 seconds.
  path: Assets/Dialogue_Anims/Animations/Talking_HandOnHip_HandGesture05.FBX
  artifactKey: Guid(a9edb314608093c4a8a0d32000e24857) Importer(815301076,1909f56bfc062723c751e8b465ee728b)
Start importing Assets/Dialogue_Anims/Animations/Talking_HandOnHip_HandGesture05.FBX using Guid(a9edb314608093c4a8a0d32000e24857) Importer(815301076,1909f56bfc062723c751e8b465ee728b)  -> (artifact id: 'd375c63e5d2f3c915194526e9ae0ae3a') in 0.019861 seconds 
========================================================================
Received Import Request.
  Time since last request: 0.000045 seconds.
  path: Assets/Dialogue_Anims/Animations/Talking_ElbowRest_HandGesture05.FBX
  artifactKey: Guid(8aa67418d8aa50348aa8788972347434) Importer(815301076,1909f56bfc062723c751e8b465ee728b)
Start importing Assets/Dialogue_Anims/Animations/Talking_ElbowRest_HandGesture05.FBX using Guid(8aa67418d8aa50348aa8788972347434) Importer(815301076,1909f56bfc062723c751e8b465ee728b)  -> (artifact id: 'b0f20c3321b4bf6ac506e2bc1f188a69') in 0.018943 seconds 
========================================================================
Received Import Request.
  Time since last request: 0.000039 seconds.
  path: Assets/Dialogue_Anims/Animations/Talking_HandOnHip_HandGesture04.FBX
  artifactKey: Guid(41b43079d39aee34690897d788878b25) Importer(815301076,1909f56bfc062723c751e8b465ee728b)
Start importing Assets/Dialogue_Anims/Animations/Talking_HandOnHip_HandGesture04.FBX using Guid(41b43079d39aee34690897d788878b25) Importer(815301076,1909f56bfc062723c751e8b465ee728b)  -> (artifact id: '4685dc3e8ca57992330475ce0339d975') in 0.018745 seconds 
========================================================================
Received Import Request.
  Time since last request: 0.000039 seconds.
  path: Assets/Dialogue_Anims/Animations/Talking_Cheesy_LH_Point.FBX
  artifactKey: Guid(d2f74752b8cba6a4385527da464f5fe8) Importer(815301076,1909f56bfc062723c751e8b465ee728b)
Start importing Assets/Dialogue_Anims/Animations/Talking_Cheesy_LH_Point.FBX using Guid(d2f74752b8cba6a4385527da464f5fe8) Importer(815301076,1909f56bfc062723c751e8b465ee728b)  -> (artifact id: '127e06085d126be733f6f06d5bf68d08') in 0.020570 seconds 
========================================================================
Received Import Request.
  Time since last request: 0.000034 seconds.
  path: Assets/Dialogue_Anims/Animations/Talking_HandOnHip_HandGesture03.FBX
  artifactKey: Guid(4146531fc2724df40b6c6d5aa0b4378b) Importer(815301076,1909f56bfc062723c751e8b465ee728b)
Start importing Assets/Dialogue_Anims/Animations/Talking_HandOnHip_HandGesture03.FBX using Guid(4146531fc2724df40b6c6d5aa0b4378b) Importer(815301076,1909f56bfc062723c751e8b465ee728b)  -> (artifact id: '15eaee8df2962e8e0ef910daecf90a9c') in 0.017502 seconds 
========================================================================
Received Import Request.
  Time since last request: 0.000035 seconds.
  path: Assets/Dialogue_Anims/Animations/Talking_Creep_HandGesture04.FBX
  artifactKey: Guid(7c117f572819c164e9c9a7913ddf5af7) Importer(815301076,1909f56bfc062723c751e8b465ee728b)
Start importing Assets/Dialogue_Anims/Animations/Talking_Creep_HandGesture04.FBX using Guid(7c117f572819c164e9c9a7913ddf5af7) Importer(815301076,1909f56bfc062723c751e8b465ee728b)  -> (artifact id: 'e8409cb49aed4593733214b7b0552b45') in 0.016849 seconds 
========================================================================
Received Prepare
Registering precompiled user dll's ...
Registered in 0.017108 seconds.
Begin MonoManager ReloadAssembly
Symbol file LoadedFromMemory doesn't match image C:\Users\scrab\Downloads\unity\MastersProject\My project\Library\PackageCache\com.unity.visualscripting@1.7.8\Editor\VisualScripting.Core\Dependencies\YamlDotNet\Unity.VisualScripting.YamlDotNet.dll
Symbol file LoadedFromMemory doesn't match image C:\Users\scrab\Downloads\unity\MastersProject\My project\Library\PackageCache\com.unity.visualscripting@1.7.8\Editor\VisualScripting.Core\Dependencies\DotNetZip\Unity.VisualScripting.IonicZip.dll
Native extension for WindowsStandalone target not found
Native extension for Android target not found
Native extension for WebGL target not found
Refreshing native plugins compatible for Editor in 1.08 ms, found 3 plugins.
Preloading 0 native plugins for Editor in 0.00 ms.
Mono: successfully reloaded assembly
- Completed reload, in  1.833 seconds
Domain Reload Profiling:
	ReloadAssembly (1834ms)
		BeginReloadAssembly (218ms)
			ExecutionOrderSort (0ms)
			DisableScriptedObjects (8ms)
			BackupInstance (0ms)
			ReleaseScriptingObjects (0ms)
			CreateAndSetChildDomain (56ms)
		EndReloadAssembly (1439ms)
			LoadAssemblies (159ms)
			RebuildTransferFunctionScriptingTraits (0ms)
			SetupTypeCache (464ms)
			ReleaseScriptCaches (2ms)
			RebuildScriptCaches (84ms)
			SetupLoadedEditorAssemblies (646ms)
				LogAssemblyErrors (0ms)
				InitializePlatformSupportModulesInManaged (46ms)
				SetLoadedEditorAssemblies (1ms)
				RefreshPlugins (1ms)
				BeforeProcessingInitializeOnLoad (134ms)
				ProcessInitializeOnLoadAttributes (394ms)
				ProcessInitializeOnLoadMethodAttributes (49ms)
				AfterProcessingInitializeOnLoad (21ms)
				EditorAssembliesLoaded (0ms)
			ExecutionOrderSort2 (0ms)
			AwakeInstancesAfterBackupRestoration (12ms)
Platform modules already initialized, skipping
Refreshing native plugins compatible for Editor in 5.08 ms, found 3 plugins.
Preloading 0 native plugins for Editor in 0.00 ms.
Unloading 3374 Unused Serialized files (Serialized files now loaded: 0)
Unloading 20 unused Assets / (78.3 KB). Loaded Objects now: 3857.
Memory consumption went from 121.7 MB to 121.7 MB.
Total: 5.847400 ms (FindLiveObjects: 0.498300 ms CreateObjectMapping: 0.129800 ms MarkObjects: 5.014200 ms  DeleteObjects: 0.203100 ms)

AssetImportParameters requested are different than current active one (requested -> active):
  custom:video-decoder-ogg-theora: a1e56fd34408186e4bbccfd4996cb3dc -> 
  custom:container-muxer-webm: aa71ff27fc2769a1b78a27578f13a17b -> 
  custom:container-demuxer-webm: 4f35f7cbe854078d1ac9338744f61a02 -> 
  custom:video-encoder-webm-vp8: eb34c28f22e8b96e1ab97ce403110664 -> 
  custom:audio-encoder-webm-vorbis: bf7c407c2cedff20999df2af8eb42d56 -> 
  custom:framework-win-MediaFoundation: 216162199b28c13a410421893ffa2e32 -> 
  custom:container-demuxer-ogg: 62fdf1f143b41e24485cea50d1cbac27 -> 
  custom:video-decoder-webm-vp8: 9c59270c3fd7afecdb556c50c9e8de78 -> 
  custom:audio-decoder-ogg-vorbis: bf7c407c2cedff20999df2af8eb42d56 -> 
========================================================================
Received Prepare
Registering precompiled user dll's ...
Registered in 0.010750 seconds.
Begin MonoManager ReloadAssembly
Symbol file LoadedFromMemory doesn't match image C:\Users\scrab\Downloads\unity\MastersProject\My project\Library\PackageCache\com.unity.visualscripting@1.7.8\Editor\VisualScripting.Core\Dependencies\YamlDotNet\Unity.VisualScripting.YamlDotNet.dll
Symbol file LoadedFromMemory doesn't match image C:\Users\scrab\Downloads\unity\MastersProject\My project\Library\PackageCache\com.unity.visualscripting@1.7.8\Editor\VisualScripting.Core\Dependencies\DotNetZip\Unity.VisualScripting.IonicZip.dll
Native extension for WindowsStandalone target not found
Native extension for Android target not found
Native extension for WebGL target not found
Refreshing native plugins compatible for Editor in 0.75 ms, found 3 plugins.
Preloading 0 native plugins for Editor in 0.00 ms.
Mono: successfully reloaded assembly
- Completed reload, in  1.607 seconds
Domain Reload Profiling:
	ReloadAssembly (1607ms)
		BeginReloadAssembly (224ms)
			ExecutionOrderSort (0ms)
			DisableScriptedObjects (9ms)
			BackupInstance (0ms)
			ReleaseScriptingObjects (0ms)
			CreateAndSetChildDomain (56ms)
		EndReloadAssembly (1201ms)
			LoadAssemblies (154ms)
			RebuildTransferFunctionScriptingTraits (0ms)
			SetupTypeCache (398ms)
			ReleaseScriptCaches (2ms)
			RebuildScriptCaches (72ms)
			SetupLoadedEditorAssemblies (513ms)
				LogAssemblyErrors (0ms)
				InitializePlatformSupportModulesInManaged (39ms)
				SetLoadedEditorAssemblies (1ms)
				RefreshPlugins (1ms)
				BeforeProcessingInitializeOnLoad (101ms)
				ProcessInitializeOnLoadAttributes (312ms)
				ProcessInitializeOnLoadMethodAttributes (45ms)
				AfterProcessingInitializeOnLoad (15ms)
				EditorAssembliesLoaded (0ms)
			ExecutionOrderSort2 (0ms)
			AwakeInstancesAfterBackupRestoration (9ms)
Platform modules already initialized, skipping
Refreshing native plugins compatible for Editor in 3.14 ms, found 3 plugins.
Preloading 0 native plugins for Editor in 0.00 ms.
Unloading 3372 Unused Serialized files (Serialized files now loaded: 0)
Unloading 22 unused Assets / (78.1 KB). Loaded Objects now: 3858.
Memory consumption went from 121.7 MB to 121.6 MB.
Total: 4.942900 ms (FindLiveObjects: 0.472000 ms CreateObjectMapping: 0.153600 ms MarkObjects: 4.185900 ms  DeleteObjects: 0.129600 ms)

AssetImportParameters requested are different than current active one (requested -> active):
  custom:video-decoder-ogg-theora: a1e56fd34408186e4bbccfd4996cb3dc -> 
  custom:container-muxer-webm: aa71ff27fc2769a1b78a27578f13a17b -> 
  custom:container-demuxer-webm: 4f35f7cbe854078d1ac9338744f61a02 -> 
  custom:video-encoder-webm-vp8: eb34c28f22e8b96e1ab97ce403110664 -> 
  custom:audio-encoder-webm-vorbis: bf7c407c2cedff20999df2af8eb42d56 -> 
  custom:framework-win-MediaFoundation: 216162199b28c13a410421893ffa2e32 -> 
  custom:container-demuxer-ogg: 62fdf1f143b41e24485cea50d1cbac27 -> 
  custom:video-decoder-webm-vp8: 9c59270c3fd7afecdb556c50c9e8de78 -> 
  custom:audio-decoder-ogg-vorbis: bf7c407c2cedff20999df2af8eb42d56 -> 
